<?xml version="1.0" encoding="UTF-8"?>
<!-- Generated by org.testng.reporters.JUnitReportReporter -->
<testsuite skipped="0" hostname="katta-PC" name="com.crm.qa.testcases.LoginPageTest" tests="2" failures="0" timestamp="23 Sep 2019 05:01:21 GMT" time="62.509" errors="0">
  <testcase name="loginPageTitleTest" time="41.746" classname="com.crm.qa.testcases.LoginPageTest"/>
  <testcase name="crmImageTest" time="20.763" classname="com.crm.qa.testcases.LoginPageTest"/>
</testsuite> <!-- com.crm.qa.testcases.LoginPageTest -->
