<?xml version="1.0" encoding="UTF-8"?>
<!-- Generated by org.testng.reporters.JUnitReportReporter -->
<testsuite skipped="0" hostname="katta-PC" name="com.crm.qa.testcases.ContactsPageTest" tests="1" failures="0" timestamp="23 Sep 2019 05:01:20 GMT" time="24.353" errors="0">
  <testcase name="verifyContactsLabelTest" time="24.353" classname="com.crm.qa.testcases.ContactsPageTest"/>
</testsuite> <!-- com.crm.qa.testcases.ContactsPageTest -->
