<?xml version="1.0" encoding="UTF-8"?>
<!-- Generated by org.testng.reporters.JUnitReportReporter -->
<testsuite skipped="0" hostname="katta-PC" name="com.crm.qa.testcases.HomePageTest" tests="1" failures="0" timestamp="23 Sep 2019 06:14:34 GMT" time="21.645" errors="0">
  <testcase name="verifyHomePageTitleTest" time="21.645" classname="com.crm.qa.testcases.HomePageTest"/>
</testsuite> <!-- com.crm.qa.testcases.HomePageTest -->
