<?xml version="1.0" encoding="UTF-8"?>
<!-- Generated by org.testng.reporters.JUnitReportReporter -->
<testsuite skipped="0" hostname="katta-PC" name="com.crm.qa.testcases.ContactsPageTest" tests="2" failures="0" timestamp="23 Sep 2019 06:14:34 GMT" time="69.821" errors="0">
  <testcase name="verifyContactsLabelTest" time="26.623" classname="com.crm.qa.testcases.ContactsPageTest"/>
  <testcase name="selectContactsTest" time="43.198" classname="com.crm.qa.testcases.ContactsPageTest"/>
</testsuite> <!-- com.crm.qa.testcases.ContactsPageTest -->
